<?xml version="1.0" encoding="UTF-8"?>
<!-- Generated by org.testng.reporters.JUnitReportReporter -->
<testsuite hostname="yfb-xiongf" name="com.coolead.test_scripts.Test_read_properties" tests="1" failures="0" timestamp="18 Jul 2016 11:26:52 GMT" time="8.679" errors="0">
  <testcase name="select_browser" time="8.679" classname="com.coolead.test_scripts.Test_read_properties"/>
</testsuite> <!-- com.coolead.test_scripts.Test_read_properties -->
