<?xml version="1.0" encoding="UTF-8"?>
<!-- Generated by org.testng.reporters.JUnitReportReporter -->
<testsuite hostname="yfb-xiongf" name="com.coolead.test_scripts.Test_Login" tests="1" failures="0" timestamp="5 Aug 2016 03:02:58 GMT" time="44.043" errors="0">
  <testcase name="test_login" time="44.043" classname="com.coolead.test_scripts.Test_Login"/>
</testsuite> <!-- com.coolead.test_scripts.Test_Login -->
