<?xml version="1.0" encoding="UTF-8"?>
<!-- Generated by org.testng.reporters.JUnitReportReporter -->
<testsuite hostname="PC201701031452" name="com.bindo.test_scripts.Test_Order" tests="1" failures="0" timestamp="8 Mar 2017 12:41:48 GMT" time="41.179" errors="0">
  <testcase name="order" time="41.179" classname="com.bindo.test_scripts.Test_Order"/>
</testsuite> <!-- com.bindo.test_scripts.Test_Order -->
