<?xml version="1.0" encoding="UTF-8"?>
<!-- Generated by org.testng.reporters.JUnitReportReporter -->
<testsuite hostname="PC201701031452" name="com.bindo.test_scripts.Test_Order" tests="1" failures="0" timestamp="9 Mar 2017 15:21:44 GMT" time="48.516" errors="0">
  <testcase name="order" time="48.516" classname="com.bindo.test_scripts.Test_Order"/>
</testsuite> <!-- com.bindo.test_scripts.Test_Order -->
