<?xml version="1.0" encoding="UTF-8"?>
<!-- Generated by org.testng.reporters.JUnitReportReporter -->
<testsuite hostname="PC201701031452" name="com.bindo.test_scripts.Test_Register" tests="1" failures="0" timestamp="8 Mar 2017 13:17:42 GMT" time="26.625" errors="0">
  <testcase name="register" time="26.625" classname="com.bindo.test_scripts.Test_Register"/>
</testsuite> <!-- com.bindo.test_scripts.Test_Register -->
