<?xml version="1.0" encoding="UTF-8"?>
<!-- Generated by org.testng.reporters.JUnitReportReporter -->
<testsuite hostname="PC201701031452" name="com.bindo.test_scripts.Test_Login" tests="1" failures="0" timestamp="11 Mar 2017 04:58:06 GMT" time="20.395" errors="0">
  <testcase name="test_login" time="20.395" classname="com.bindo.test_scripts.Test_Login"/>
</testsuite> <!-- com.bindo.test_scripts.Test_Login -->
