<?xml version="1.0" encoding="UTF-8"?>
<!-- Generated by org.testng.reporters.JUnitReportReporter -->
<testsuite hostname="PC201701031452" name="com.bindo.test_scripts.Test_Total" tests="3" failures="0" timestamp="11 Mar 2017 13:23:45 GMT" time="43.981" errors="0">
  <testcase name="login" time="2.392" classname="com.bindo.test_scripts.Test_Total"/>
  <testcase name="order" time="31.059" classname="com.bindo.test_scripts.Test_Total"/>
  <testcase name="register" time="10.530" classname="com.bindo.test_scripts.Test_Total"/>
</testsuite> <!-- com.bindo.test_scripts.Test_Total -->
